<?xml version="1.0" encoding="UTF-8"?>
<!-- Generated by org.testng.reporters.JUnitXMLReporter -->
<testsuite ignored="0" hostname="ssk" failures="0" tests="2" name="Test" time="0.393" errors="0" timestamp="2022-10-27T17:21:21 IST">
  <testcase classname="testrrrrr.NewTest11" name="@BeforeTest beforeTest" time="0.243">
    <failure type="java.lang.NoSuchMethodError" message="&amp;apos;com.google.common.collect.ImmutableMap com.google.common.collect.ImmutableMap.of(java.lang.Object, java.lang.Object, java.lang.Object, java.lang.Object, java.lang.Object, java.lang.Object, java.lang.Object, java.lang.Object, java.lang.Object, java.lang.Object, java.lang.Object, java.lang.Object)&amp;apos;">
      <![CDATA[java.lang.NoSuchMethodError: 'com.google.common.collect.ImmutableMap com.google.common.collect.ImmutableMap.of(java.lang.Object, java.lang.Object, java.lang.Object, java.lang.Object, java.lang.Object, java.lang.Object, java.lang.Object, java.lang.Object, java.lang.Object, java.lang.Object, java.lang.Object, java.lang.Object)'
at org.openqa.selenium.chrome.AddHasCasting.getAdditionalCommands(AddHasCasting.java:38)
at org.openqa.selenium.chrome.ChromeDriver$ChromeDriverCommandExecutor.getExtraCommands(ChromeDriver.java:98)
at org.openqa.selenium.chrome.ChromeDriver$ChromeDriverCommandExecutor.<init>(ChromeDriver.java:93)
at org.openqa.selenium.chrome.ChromeDriver.<init>(ChromeDriver.java:81)
at org.openqa.selenium.chrome.ChromeDriver.<init>(ChromeDriver.java:49)
at testrrrrr.NewTest11.beforeTest(NewTest11.java:19)
... Removed 24 stack frames]]>
    </failure>
  </testcase> <!-- @BeforeTest beforeTest -->
  <testcase classname="testrrrrr.NewTestdemo2" name="@BeforeTest beforeTest" time="-1.666871481457E9">
    <skipped/>
  </testcase> <!-- @BeforeTest beforeTest -->
  <testcase classname="testrrrrr.NewTest11" name="@AfterTest afterTest" time="-1.666871481567E9">
    <skipped/>
  </testcase> <!-- @AfterTest afterTest -->
  <testcase classname="testrrrrr.NewTestdemo2" name="@AfterTest afterTest" time="-1.66687148157E9">
    <skipped/>
  </testcase> <!-- @AfterTest afterTest -->
  <testcase classname="testrrrrr.NewTest11" name="googletest" time="0.0">
    <skipped/>
  </testcase> <!-- googletest -->
  <testcase classname="testrrrrr.NewTestdemo2" name="f" time="0.0">
    <skipped/>
  </testcase> <!-- f -->
</testsuite> <!-- Test -->
